<?xml version="1.0" encoding="UTF-8"?>
<testsuite name="com.phonebook.tests.LoginTests" tests="1" skipped="0" failures="0" errors="0" timestamp="2024-03-04T10:49:11" hostname="LAPTOP-6KPISMEK" time="1.444">
  <properties/>
  <testcase name="loginPositiveTest" classname="com.phonebook.tests.LoginTests" time="1.444"/>
  <system-out><![CDATA[13:49:11.869 [Test worker] INFO  com.phonebook.tests.TestBase -- Start test loginPositiveTest
13:49:13.331 [Test worker] INFO  com.phonebook.tests.TestBase -- Passed: loginPositiveTest
13:49:13.331 [Test worker] INFO  com.phonebook.tests.TestBase -- Stop test
13:49:13.331 [Test worker] INFO  com.phonebook.tests.TestBase -- ***********************************************
]]></system-out>
  <system-err><![CDATA[]]></system-err>
</testsuite>
