<?xml version="1.0" encoding="UTF-8"?>
<testsuite name="com.phonebook.tests.CreateAccountTests" tests="1" skipped="0" failures="0" errors="0" timestamp="2024-03-05T10:03:38" hostname="LAPTOP-6KPISMEK" time="0.862">
  <properties/>
  <testcase name="createExistedAccountNegativeTest" classname="com.phonebook.tests.CreateAccountTests" time="0.862"/>
  <system-out><![CDATA[13:03:28.179 [Test worker] INFO  com.phonebook.tests.TestBase -- Start test createExistedAccountNegativeTest
13:03:39.094 [Test worker] INFO  com.phonebook.tests.TestBase -- Passed: createExistedAccountNegativeTest
13:03:39.094 [Test worker] INFO  com.phonebook.tests.TestBase -- Stop test
13:03:39.094 [Test worker] INFO  com.phonebook.tests.TestBase -- ***********************************************
]]></system-out>
  <system-err><![CDATA[]]></system-err>
</testsuite>
