<?xml version="1.0" encoding="UTF-8"?>
<testsuite name="com.phonebook.tests.HomePageTests" tests="1" skipped="0" failures="0" errors="0" timestamp="2024-03-04T10:49:11" hostname="LAPTOP-6KPISMEK" time="0.015">
  <properties/>
  <testcase name="isHomeComponentPresentTest" classname="com.phonebook.tests.HomePageTests" time="0.015"/>
  <system-out><![CDATA[13:49:11.830 [Test worker] INFO  com.phonebook.tests.TestBase -- Start test isHomeComponentPresentTest
13:49:11.864 [Test worker] INFO  com.phonebook.tests.TestBase -- Passed: isHomeComponentPresentTest
13:49:11.864 [Test worker] INFO  com.phonebook.tests.TestBase -- Stop test
13:49:11.866 [Test worker] INFO  com.phonebook.tests.TestBase -- ***********************************************
]]></system-out>
  <system-err><![CDATA[]]></system-err>
</testsuite>
